2023-01-28 20:38:42,863 INFO org.springframework.boot.StartupInfoLogger [main] Starting DemoApplication using Java 11.0.16.1 on ROG with PID 24076 (D:\CLOUD\Main\PROGECT\Solar\solarApi\target\classes started by murad in D:\CLOUD\Main\PROGECT\Solar\solarApi)
2023-01-28 20:38:42,867 INFO org.springframework.boot.SpringApplication [main] No active profile set, falling back to default profiles: default
2023-01-28 20:38:43,784 INFO org.springframework.data.repository.config.RepositoryConfigurationDelegate [main] Multiple Spring Data modules found, entering strict repository configuration mode!
2023-01-28 20:38:43,787 INFO org.springframework.data.repository.config.RepositoryConfigurationDelegate [main] Bootstrapping Spring Data JDBC repositories in DEFAULT mode.
2023-01-28 20:38:43,820 INFO org.springframework.data.repository.config.RepositoryConfigurationExtensionSupport [main] Spring Data JDBC - Could not safely identify store assignment for repository candidate interface com.solar.api.domain.repo.SensorDataRepo. If you want this repository to be a JDBC repository, consider annotating your entities with one of these annotations: org.springframework.data.relational.core.mapping.Table.
2023-01-28 20:38:43,822 INFO org.springframework.data.repository.config.RepositoryConfigurationExtensionSupport [main] Spring Data JDBC - Could not safely identify store assignment for repository candidate interface com.solar.api.springTest.CarRepo. If you want this repository to be a JDBC repository, consider annotating your entities with one of these annotations: org.springframework.data.relational.core.mapping.Table.
2023-01-28 20:38:43,823 INFO org.springframework.data.repository.config.RepositoryConfigurationExtensionSupport [main] Spring Data JDBC - Could not safely identify store assignment for repository candidate interface com.solar.api.springTest.CatRepos. If you want this repository to be a JDBC repository, consider annotating your entities with one of these annotations: org.springframework.data.relational.core.mapping.Table.
2023-01-28 20:38:43,825 INFO org.springframework.data.repository.config.RepositoryConfigurationExtensionSupport [main] Spring Data JDBC - Could not safely identify store assignment for repository candidate interface com.solar.api.springTest.PersonRepo. If you want this repository to be a JDBC repository, consider annotating your entities with one of these annotations: org.springframework.data.relational.core.mapping.Table.
2023-01-28 20:38:43,826 INFO org.springframework.data.repository.config.RepositoryConfigurationDelegate [main] Finished Spring Data repository scanning in 34 ms. Found 0 JDBC repository interfaces.
2023-01-28 20:38:43,836 INFO org.springframework.data.repository.config.RepositoryConfigurationDelegate [main] Multiple Spring Data modules found, entering strict repository configuration mode!
2023-01-28 20:38:43,839 INFO org.springframework.data.repository.config.RepositoryConfigurationDelegate [main] Bootstrapping Spring Data JPA repositories in DEFAULT mode.
2023-01-28 20:38:43,874 INFO org.springframework.data.repository.config.RepositoryConfigurationDelegate [main] Finished Spring Data repository scanning in 29 ms. Found 4 JPA repository interfaces.
2023-01-28 20:38:44,078 INFO org.springframework.cloud.context.scope.GenericScope [main] BeanFactory id=9b861da1-0b2c-3975-8172-9386138547ac
2023-01-28 20:38:44,713 INFO org.springframework.boot.web.embedded.tomcat.TomcatWebServer [main] Tomcat initialized with port(s): 8081 (http)
2023-01-28 20:38:44,725 INFO org.apache.juli.logging.DirectJDKLog [main] Initializing ProtocolHandler ["http-nio-8081"]
2023-01-28 20:38:44,725 INFO org.apache.juli.logging.DirectJDKLog [main] Starting service [Tomcat]
2023-01-28 20:38:44,726 INFO org.apache.juli.logging.DirectJDKLog [main] Starting Servlet engine: [Apache Tomcat/9.0.52]
2023-01-28 20:38:44,847 INFO org.apache.juli.logging.DirectJDKLog [main] Initializing Spring embedded WebApplicationContext
2023-01-28 20:38:44,848 INFO org.springframework.boot.web.servlet.context.ServletWebServerApplicationContext [main] Root WebApplicationContext: initialization completed in 1933 ms
2023-01-28 20:38:44,982 INFO com.zaxxer.hikari.HikariDataSource [main] HikariPool-1 - Starting...
2023-01-28 20:38:45,351 INFO com.zaxxer.hikari.HikariDataSource [main] HikariPool-1 - Start completed.
2023-01-28 20:38:45,831 INFO com.mattbertolini.liquibase.logging.slf4j.Slf4jLogger [main] Successfully acquired change log lock
2023-01-28 20:38:46,085 INFO com.mattbertolini.liquibase.logging.slf4j.Slf4jLogger [main] Reading from public.databasechangelog
2023-01-28 20:38:46,103 INFO com.mattbertolini.liquibase.logging.slf4j.Slf4jLogger [main] Successfully released change log lock
2023-01-28 20:38:46,106 INFO com.mattbertolini.liquibase.logging.slf4j.Slf4jLogger [main] Successfully acquired change log lock
2023-01-28 20:38:46,107 WARN com.mattbertolini.liquibase.logging.slf4j.Slf4jLogger [main] Skipping auto-registration
2023-01-28 20:38:46,111 INFO com.mattbertolini.liquibase.logging.slf4j.Slf4jLogger [main] Successfully released change log lock
2023-01-28 20:38:47,608 INFO org.springframework.orm.jpa.AbstractEntityManagerFactoryBean [main] Initialized JPA EntityManagerFactory for persistence unit 'default'
2023-01-28 20:38:48,184 INFO org.springframework.boot.autoconfigure.web.servlet.WelcomePageHandlerMapping [main] Adding welcome page: class path resource [static/index.html]
2023-01-28 20:38:50,161 INFO org.springframework.cloud.commons.util.InetUtils [main] Cannot determine local hostname
2023-01-28 20:38:50,201 INFO org.apache.juli.logging.DirectJDKLog [main] Starting ProtocolHandler ["http-nio-8081"]
2023-01-28 20:38:50,229 INFO org.springframework.boot.web.embedded.tomcat.TomcatWebServer [main] Tomcat started on port(s): 8081 (http) with context path ''
2023-01-28 20:38:51,504 INFO org.springframework.cloud.commons.util.InetUtils [main] Cannot determine local hostname
2023-01-28 20:38:51,514 INFO org.springframework.boot.StartupInfoLogger [main] Started DemoApplication in 10.566 seconds (JVM running for 11.101)
2023-01-28 20:39:20,886 INFO org.springframework.orm.jpa.AbstractEntityManagerFactoryBean [SpringApplicationShutdownHook] Closing JPA EntityManagerFactory for persistence unit 'default'
2023-01-28 20:39:20,888 INFO com.zaxxer.hikari.HikariDataSource [SpringApplicationShutdownHook] HikariPool-1 - Shutdown initiated...
2023-01-28 20:39:20,895 INFO com.zaxxer.hikari.HikariDataSource [SpringApplicationShutdownHook] HikariPool-1 - Shutdown completed.
